-------------------------------------------------------------------------------
Test set: runner.TestRunner
-------------------------------------------------------------------------------
Tests run: 3, Failures: 0, Errors: 3, Skipped: 0, Time elapsed: 23.069 s <<< FAILURE! - in runner.TestRunner
Register as an Affiliate user with Cheque Payment Method(Retail Page #2)  Time elapsed: 6.824 s  <<< ERROR!
io.cucumber.junit.UndefinedStepException: 
The step 'User enter userName username and passWord password' is undefined.
You can implement this step using the snippet(s) below:

@When("User enter userName username and passWord password")
public void user_enter_user_name_username_and_pass_word_password(io.cucumber.datatable.DataTable dataTable) {
    // Write code here that turns the phrase above into concrete actions
    // For automatic transformation, change DataTable to one of
    // E, List<E>, List<List<E>>, List<Map<K,V>>, Map<K,V> or
    // Map<K, List<V>>. E,K,V must be a String, Integer, Float,
    // Double, Byte, Short, Long, BigInteger or BigDecimal.
    //
    // For other transformations you can register a DataTableType.
    throw new io.cucumber.java.PendingException();
}


Edit your affiliate information from Cheque payment method to Bank Transfer(Retail Page #2)  Time elapsed: 5.939 s  <<< ERROR!
io.cucumber.junit.UndefinedStepException: 
The step 'User enter userName username and passWord password' is undefined.
You can implement this step using the snippet(s) below:

@When("User enter userName username and passWord password")
public void user_enter_user_name_username_and_pass_word_password(io.cucumber.datatable.DataTable dataTable) {
    // Write code here that turns the phrase above into concrete actions
    // For automatic transformation, change DataTable to one of
    // E, List<E>, List<List<E>>, List<Map<K,V>>, Map<K,V> or
    // Map<K, List<V>>. E,K,V must be a String, Integer, Float,
    // Double, Byte, Short, Long, BigInteger or BigDecimal.
    //
    // For other transformations you can register a DataTableType.
    throw new io.cucumber.java.PendingException();
}


Edit your account Information(Retail Page #2)  Time elapsed: 5.754 s  <<< ERROR!
io.cucumber.junit.UndefinedStepException: 
The step 'User enter userName username and passWord password' is undefined.
You can implement this step using the snippet(s) below:

@When("User enter userName username and passWord password")
public void user_enter_user_name_username_and_pass_word_password(io.cucumber.datatable.DataTable dataTable) {
    // Write code here that turns the phrase above into concrete actions
    // For automatic transformation, change DataTable to one of
    // E, List<E>, List<List<E>>, List<Map<K,V>>, Map<K,V> or
    // Map<K, List<V>>. E,K,V must be a String, Integer, Float,
    // Double, Byte, Short, Long, BigInteger or BigDecimal.
    //
    // For other transformations you can register a DataTableType.
    throw new io.cucumber.java.PendingException();
}


