<?xml version="1.0" encoding="UTF-8"?>
<testsuite xmlns:xsi="http://www.w3.org/2001/XMLSchema-instance" xsi:noNamespaceSchemaLocation="https://maven.apache.org/surefire/maven-surefire-plugin/xsd/surefire-test-report.xsd" name="runner.TestRunner" time="23.069" tests="3" errors="3" skipped="0" failures="0">
  <properties>
[...]
</properties>
  <testcase name="Register as an Affiliate user with Cheque Payment Method" classname="Retail Page #2" time="6.824">
    <error message="The step &apos;User enter userName username and passWord password&apos; is undefined.&#10;You can implement this step using the snippet(s) below:&#10;&#10;@When(&quot;User enter userName username and passWord password&quot;)&#10;public void user_enter_user_name_username_and_pass_word_password(io.cucumber.datatable.DataTable dataTable) {&#10;    // Write code here that turns the phrase above into concrete actions&#10;    // For automatic transformation, change DataTable to one of&#10;    // E, List&lt;E&gt;, List&lt;List&lt;E&gt;&gt;, List&lt;Map&lt;K,V&gt;&gt;, Map&lt;K,V&gt; or&#10;    // Map&lt;K, List&lt;V&gt;&gt;. E,K,V must be a String, Integer, Float,&#10;    // Double, Byte, Short, Long, BigInteger or BigDecimal.&#10;    //&#10;    // For other transformations you can register a DataTableType.&#10;    throw new io.cucumber.java.PendingException();&#10;}&#10;" type="io.cucumber.junit.UndefinedStepException"><![CDATA[io.cucumber.junit.UndefinedStepException: 
The step 'User enter userName username and passWord password' is undefined.
You can implement this step using the snippet(s) below:

@When("User enter userName username and passWord password")
public void user_enter_user_name_username_and_pass_word_password(io.cucumber.datatable.DataTable dataTable) {
    // Write code here that turns the phrase above into concrete actions
    // For automatic transformation, change DataTable to one of
    // E, List<E>, List<List<E>>, List<Map<K,V>>, Map<K,V> or
    // Map<K, List<V>>. E,K,V must be a String, Integer, Float,
    // Double, Byte, Short, Long, BigInteger or BigDecimal.
    //
    // For other transformations you can register a DataTableType.
    throw new io.cucumber.java.PendingException();
}

]]></error>
    <system-out><![CDATA[
@test
Scenario: Register as an Affiliate user with Cheque Payment Method # features/test.feature:16
 INFO [main] (Initializer.java:14)- Scenario Register as an Affiliate user with Cheque Payment Method Started
 INFO [main] (StepDefinitionsDesktop.java:26)- User is in the Retail Page.
  Given User is on Retail website                                  # stepDefinitions.StepDefinitionsDesktop.user_is_on_retail_website()
 INFO [main] (RetialStepDefinitions.java:27)- My account was clicked.
  And User click  on MyAccount                                     # stepDefinitions.RetialStepDefinitions.user_click_on_my_account()
 INFO [main] (RetialStepDefinitions.java:33)- Login was clicked successfully.
  When User click on Login                                         # stepDefinitions.RetialStepDefinitions.user_click_on_login()
  And User enter userName username and passWord password           # null
  And User click on Login button                                   # stepDefinitions.RetialStepDefinitions.user_click_on_login_button()
  Then User should be logged in to MyAccount dashboard             # stepDefinitions.RetialStepDefinitions.user_should_be_logged_in_to_my_account_dashboard()
  When User click on ‘Register for an Affiliate Account’ link      # stepDefinitions.RetialStepDefinitions.user_click_on_register_for_an_affiliate_account_link()
  And User fill affiliate form with below information              # stepDefinitions.RetialStepDefinitions.user_fill_affiliate_form_with_below_information(io.cucumber.datatable.DataTable)
  And User check on About us check box                             # stepDefinitions.RetialStepDefinitions.user_check_on_about_us_check_box()
  And User click on Continue button                                # stepDefinitions.RetialStepDefinitions.user_click_on_continue_button()
  Then User should see a success message                           # stepDefinitions.RetialStepDefinitions.user_should_see_a_success_message()
 INFO [main] (Initializer.java:21)- Scenario Register as an Affiliate user with Cheque Payment Method UNDEFINED
]]></system-out>
    <system-err><![CDATA[SLF4J: Failed to load class "org.slf4j.impl.StaticLoggerBinder".
SLF4J: Defaulting to no-operation (NOP) logger implementation
SLF4J: See http://www.slf4j.org/codes.html#StaticLoggerBinder for further details.
ERROR StatusLogger Log4j2 could not find a logging implementation. Please add log4j-core to the classpath. Using SimpleLogger to log to the console...
Starting ChromeDriver 98.0.4758.80 (7f0488e8ba0d8e019187c6325a16c29d9b7f4989-refs/branch-heads/4758@{#972}) on port 55847
Only local connections are allowed.
Please see https://chromedriver.chromium.org/security-considerations for suggestions on keeping ChromeDriver safe.
ChromeDriver was started successfully.
Feb 09, 2022 7:14:53 PM org.openqa.selenium.remote.ProtocolHandshake createSession
INFO: Detected dialect: W3C
Feb 09, 2022 7:14:53 PM org.openqa.selenium.devtools.CdpVersionFinder findNearestMatch
WARNING: Unable to find an exact match for CDP version 98, so returning the closest version found: 96
Feb 09, 2022 7:14:53 PM org.openqa.selenium.devtools.CdpVersionFinder findNearestMatch
INFO: Found CDP implementation for version 98 of 96
]]></system-err>
  </testcase>
  <testcase name="Edit your affiliate information from Cheque payment method to Bank Transfer" classname="Retail Page #2" time="5.939">
    <error message="The step &apos;User enter userName username and passWord password&apos; is undefined.&#10;You can implement this step using the snippet(s) below:&#10;&#10;@When(&quot;User enter userName username and passWord password&quot;)&#10;public void user_enter_user_name_username_and_pass_word_password(io.cucumber.datatable.DataTable dataTable) {&#10;    // Write code here that turns the phrase above into concrete actions&#10;    // For automatic transformation, change DataTable to one of&#10;    // E, List&lt;E&gt;, List&lt;List&lt;E&gt;&gt;, List&lt;Map&lt;K,V&gt;&gt;, Map&lt;K,V&gt; or&#10;    // Map&lt;K, List&lt;V&gt;&gt;. E,K,V must be a String, Integer, Float,&#10;    // Double, Byte, Short, Long, BigInteger or BigDecimal.&#10;    //&#10;    // For other transformations you can register a DataTableType.&#10;    throw new io.cucumber.java.PendingException();&#10;}&#10;" type="io.cucumber.junit.UndefinedStepException"><![CDATA[io.cucumber.junit.UndefinedStepException: 
The step 'User enter userName username and passWord password' is undefined.
You can implement this step using the snippet(s) below:

@When("User enter userName username and passWord password")
public void user_enter_user_name_username_and_pass_word_password(io.cucumber.datatable.DataTable dataTable) {
    // Write code here that turns the phrase above into concrete actions
    // For automatic transformation, change DataTable to one of
    // E, List<E>, List<List<E>>, List<Map<K,V>>, Map<K,V> or
    // Map<K, List<V>>. E,K,V must be a String, Integer, Float,
    // Double, Byte, Short, Long, BigInteger or BigDecimal.
    //
    // For other transformations you can register a DataTableType.
    throw new io.cucumber.java.PendingException();
}

]]></error>
    <system-out><![CDATA[
@test
Scenario: Edit your affiliate information from Cheque payment method to Bank Transfer # features/test.feature:25
 INFO [main] (Initializer.java:14)- Scenario Edit your affiliate information from Cheque payment method to Bank Transfer Started
 INFO [main] (StepDefinitionsDesktop.java:26)- User is in the Retail Page.
  Given User is on Retail website                                                     # stepDefinitions.StepDefinitionsDesktop.user_is_on_retail_website()
 INFO [main] (RetialStepDefinitions.java:27)- My account was clicked.
  And User click  on MyAccount                                                        # stepDefinitions.RetialStepDefinitions.user_click_on_my_account()
 INFO [main] (RetialStepDefinitions.java:33)- Login was clicked successfully.
  When User click on Login                                                            # stepDefinitions.RetialStepDefinitions.user_click_on_login()
  And User enter userName username and passWord password                              # null
  And User click on Login button                                                      # stepDefinitions.RetialStepDefinitions.user_click_on_login_button()
  Then User should be logged in to MyAccount dashboard                                # stepDefinitions.RetialStepDefinitions.user_should_be_logged_in_to_my_account_dashboard()
  When User click on ‘Edit your affiliate informationlink                             # stepDefinitions.RetialStepDefinitions.user_click_on_edit_your_affiliate_informationlink()
  And user click on Bank Transfer radio button                                        # stepDefinitions.RetialStepDefinitions.user_click_on_bank_transfer_radio_button()
  And User fill Bank information with below information                               # stepDefinitions.RetialStepDefinitions.user_fill_bank_information_with_below_information(io.cucumber.datatable.DataTable)
  And User click on Continue button to update                                         # stepDefinitions.RetialStepDefinitions.user_click_on_continue_button_to_update()
  Then User should see a success message affiliate account update                     # stepDefinitions.RetialStepDefinitions.user_should_see_a_success_message_affiliate_account_update()
 INFO [main] (Initializer.java:21)- Scenario Edit your affiliate information from Cheque payment method to Bank Transfer UNDEFINED
]]></system-out>
    <system-err><![CDATA[Starting ChromeDriver 98.0.4758.80 (7f0488e8ba0d8e019187c6325a16c29d9b7f4989-refs/branch-heads/4758@{#972}) on port 51054
Only local connections are allowed.
Please see https://chromedriver.chromium.org/security-considerations for suggestions on keeping ChromeDriver safe.
ChromeDriver was started successfully.
Feb 09, 2022 7:14:58 PM org.openqa.selenium.remote.ProtocolHandshake createSession
INFO: Detected dialect: W3C
Feb 09, 2022 7:14:58 PM org.openqa.selenium.devtools.CdpVersionFinder findNearestMatch
WARNING: Unable to find an exact match for CDP version 98, so returning the closest version found: 96
Feb 09, 2022 7:14:58 PM org.openqa.selenium.devtools.CdpVersionFinder findNearestMatch
INFO: Found CDP implementation for version 98 of 96
]]></system-err>
  </testcase>
  <testcase name="Edit your account Information" classname="Retail Page #2" time="5.754">
    <error message="The step &apos;User enter userName username and passWord password&apos; is undefined.&#10;You can implement this step using the snippet(s) below:&#10;&#10;@When(&quot;User enter userName username and passWord password&quot;)&#10;public void user_enter_user_name_username_and_pass_word_password(io.cucumber.datatable.DataTable dataTable) {&#10;    // Write code here that turns the phrase above into concrete actions&#10;    // For automatic transformation, change DataTable to one of&#10;    // E, List&lt;E&gt;, List&lt;List&lt;E&gt;&gt;, List&lt;Map&lt;K,V&gt;&gt;, Map&lt;K,V&gt; or&#10;    // Map&lt;K, List&lt;V&gt;&gt;. E,K,V must be a String, Integer, Float,&#10;    // Double, Byte, Short, Long, BigInteger or BigDecimal.&#10;    //&#10;    // For other transformations you can register a DataTableType.&#10;    throw new io.cucumber.java.PendingException();&#10;}&#10;" type="io.cucumber.junit.UndefinedStepException"><![CDATA[io.cucumber.junit.UndefinedStepException: 
The step 'User enter userName username and passWord password' is undefined.
You can implement this step using the snippet(s) below:

@When("User enter userName username and passWord password")
public void user_enter_user_name_username_and_pass_word_password(io.cucumber.datatable.DataTable dataTable) {
    // Write code here that turns the phrase above into concrete actions
    // For automatic transformation, change DataTable to one of
    // E, List<E>, List<List<E>>, List<Map<K,V>>, Map<K,V> or
    // Map<K, List<V>>. E,K,V must be a String, Integer, Float,
    // Double, Byte, Short, Long, BigInteger or BigDecimal.
    //
    // For other transformations you can register a DataTableType.
    throw new io.cucumber.java.PendingException();
}

]]></error>
    <system-out><![CDATA[
@test
Scenario: Edit your account Information                                                 # features/test.feature:34
 INFO [main] (Initializer.java:14)- Scenario Edit your account Information Started
 INFO [main] (StepDefinitionsDesktop.java:26)- User is in the Retail Page.
  Given User is on Retail website                                                       # stepDefinitions.StepDefinitionsDesktop.user_is_on_retail_website()
 INFO [main] (RetialStepDefinitions.java:27)- My account was clicked.
  And User click  on MyAccount                                                          # stepDefinitions.RetialStepDefinitions.user_click_on_my_account()
 INFO [main] (RetialStepDefinitions.java:33)- Login was clicked successfully.
  When User click on Login                                                              # stepDefinitions.RetialStepDefinitions.user_click_on_login()
  And User enter userName username and passWord password                                # null
  And User click on Login button                                                        # stepDefinitions.RetialStepDefinitions.user_click_on_login_button()
  Then User should be logged in to MyAccount dashboard                                  # stepDefinitions.RetialStepDefinitions.user_should_be_logged_in_to_my_account_dashboard()
  When User click on ‘Edit your account information’ link                               # stepDefinitions.RetialStepDefinitions.user_click_on_edit_your_account_information_link()
  And User modify below information                                                     # stepDefinitions.RetialStepDefinitions.user_modify_below_information(io.cucumber.datatable.DataTable)
  And User click on continue button info                                                # stepDefinitions.RetialStepDefinitions.user_click_on_continue_button_info()
  Then User should see a message ‘Success: Your account has been successfully updated.’ # stepDefinitions.RetialStepDefinitions.user_should_see_a_message_success_your_account_has_been_successfully_updated()
 INFO [main] (Initializer.java:21)- Scenario Edit your account Information UNDEFINED
]]></system-out>
    <system-err><![CDATA[Starting ChromeDriver 98.0.4758.80 (7f0488e8ba0d8e019187c6325a16c29d9b7f4989-refs/branch-heads/4758@{#972}) on port 60018
Only local connections are allowed.
Please see https://chromedriver.chromium.org/security-considerations for suggestions on keeping ChromeDriver safe.
ChromeDriver was started successfully.
Feb 09, 2022 7:15:04 PM org.openqa.selenium.remote.ProtocolHandshake createSession
INFO: Detected dialect: W3C
Feb 09, 2022 7:15:04 PM org.openqa.selenium.devtools.CdpVersionFinder findNearestMatch
WARNING: Unable to find an exact match for CDP version 98, so returning the closest version found: 96
Feb 09, 2022 7:15:04 PM org.openqa.selenium.devtools.CdpVersionFinder findNearestMatch
INFO: Found CDP implementation for version 98 of 96
]]></system-err>
  </testcase>
</testsuite>